#
# A fatal error has been detected by the Java Runtime Environment:
#
#  EXCEPTION_ACCESS_VIOLATION (0xc0000005) at pc=0x00007fff25c35060, pid=15816, tid=1716
#
# JRE version: Java(TM) SE Runtime Environment (9.0+11) (build 9.0.4+11)
# Java VM: Java HotSpot(TM) 64-Bit Server VM (9.0.4+11, mixed mode, tiered, compressed oops, g1 gc, windows-amd64)
# Problematic frame:
# C  [ig75icd64.dll+0xd5060]
#
# No core dump will be written. Minidumps are not enabled by default on client versions of Windows
#
# If you would like to submit a bug report, please visit:
#   http://bugreport.java.com/bugreport/crash.jsp
# The crash happened outside the Java Virtual Machine in native code.
# See problematic frame for where to report the bug.
#

---------------  S U M M A R Y ------------

Command Line: -agentlib:jdwp=transport=dt_socket,address=127.0.0.1:58325,suspend=y,server=n -javaagent:E:\Users\ö­ö­\.IdeaIC2018.1\system\captureAgent\debugger-agent.jar=file:/E:/Users/%E9%9C%8F%E9%9C%8F/AppData/Local/Temp/capture.props -Dfile.encoding=UTF-8 FrameMain

Host: Intel(R) Core(TM) i5-4200H CPU @ 2.80GHz, 4 cores, 11G,  Windows 10 , 64 bit Build 16299 (10.0.16299.15)
Time: Wed Apr 25 00:26:38 2018 ?D1¨²¡À¨º¡Á?¨º¡À?? elapsed time: 150 seconds (0d 0h 2m 30s)

---------------  T H R E A D  ---------------

Current thread (0x000001a8ff925000):  JavaThread "AWT-EventQueue-0" [_thread_in_native, id=1716, stack(0x000000998c000000,0x000000998c100000)]

Stack: [0x000000998c000000,0x000000998c100000],  sp=0x000000998c0f98b0,  free space=998k
Native frames: (J=compiled Java code, j=interpreted, Vv=VM code, C=native code)
C  [ig75icd64.dll+0xd5060]
C  [ig75icd64.dll+0x227c1a]
C  [ig75icd64.dll+0x253a25]
C  [ig75icd64.dll+0x3047bb]
C  [ig75icd64.dll+0x3041f7]
C  [ig75icd64.dll+0x308534]
